#
# There is insufficient memory for the Java Runtime Environment to continue.
# Native memory allocation (malloc) failed to allocate 491856 bytes for Chunk::new
# Possible reasons:
#   The system is out of physical RAM or swap space
#   In 32 bit mode, the process size limit was hit
# Possible solutions:
#   Reduce memory load on the system
#   Increase physical memory or swap space
#   Check if swap backing store is full
#   Use 64 bit Java on a 64 bit OS
#   Decrease Java heap size (-Xmx/-Xms)
#   Decrease number of Java threads
#   Decrease Java thread stack sizes (-Xss)
#   Set larger code cache with -XX:ReservedCodeCacheSize=
# This output file may be truncated or incomplete.
#
#  Out of Memory Error (allocation.cpp:390), pid=2352, tid=0x00000000000020ac
#
# JRE version: Java(TM) SE Runtime Environment (8.0_131-b11) (build 1.8.0_131-b11)
# Java VM: Java HotSpot(TM) 64-Bit Server VM (25.131-b11 mixed mode windows-amd64 compressed oops)
# Failed to write core dump. Minidumps are not enabled by default on client versions of Windows
#

---------------  T H R E A D  ---------------

Current thread (0x000000001801a800):  JavaThread "C2 CompilerThread1" daemon [_thread_in_native, id=8364, stack(0x00000000188e0000,0x00000000189e0000)]

Stack: [0x00000000188e0000,0x00000000189e0000]
[error occurred during error reporting (printing stack bounds), id 0xc0000005]

Native frames: (J=compiled Java code, j=interpreted, Vv=VM code, C=native code)


Current CompileTask:
C2:3219905 12714       4       org.eclipse.e4.ui.internal.workbench.UIEventPublisher::formatData (696 bytes)


---------------  P R O C E S S  ---------------

Java Threads: ( => current thread )
  0x000000001ac9c800 JavaThread "Worker-63" [_thread_blocked, id=17460, stack(0x000000004a200000,0x000000004a300000)]
  0x000000001ac92000 JavaThread "Worker-60" [_thread_blocked, id=12692, stack(0x0000000048000000,0x0000000048100000)]
  0x000000001ac93800 JavaThread "Timer-63" daemon [_thread_blocked, id=13036, stack(0x0000000047900000,0x0000000047a00000)]
  0x000000001ac91000 JavaThread "Process monitor" daemon [_thread_in_native, id=14632, stack(0x0000000047800000,0x0000000047900000)]
  0x000000001ac94000 JavaThread "Input Stream Monitor" daemon [_thread_blocked, id=11196, stack(0x0000000047700000,0x0000000047800000)]
  0x000000001ac90800 JavaThread "Output Stream Monitor" daemon [_thread_in_native, id=15120, stack(0x0000000047600000,0x0000000047700000)]
  0x000000001ac86000 JavaThread "Output Stream Monitor" daemon [_thread_in_native, id=10428, stack(0x0000000047500000,0x0000000047600000)]
  0x000000001ac8c800 JavaThread "Timer-62" daemon [_thread_blocked, id=19356, stack(0x0000000047300000,0x0000000047400000)]
  0x000000001ac8c000 JavaThread "Process monitor" daemon [_thread_in_native, id=14876, stack(0x0000000047200000,0x0000000047300000)]
  0x000000001ac89000 JavaThread "Input Stream Monitor" daemon [_thread_blocked, id=3800, stack(0x0000000047100000,0x0000000047200000)]
  0x000000001ac8b000 JavaThread "Output Stream Monitor" daemon [_thread_in_native, id=9280, stack(0x0000000047000000,0x0000000047100000)]
  0x000000001ac88000 JavaThread "Output Stream Monitor" daemon [_thread_in_native, id=3032, stack(0x0000000046f00000,0x0000000047000000)]
  0x000000001ac87800 JavaThread "Worker-55" [_thread_blocked, id=4836, stack(0x0000000046e00000,0x0000000046f00000)]
  0x000000001ac8a800 JavaThread "Worker-54" [_thread_blocked, id=9860, stack(0x0000000046d00000,0x0000000046e00000)]
  0x000000001ac89800 JavaThread "Timer-61" daemon [_thread_blocked, id=19092, stack(0x0000000046b00000,0x0000000046c00000)]
  0x0000000019b43800 JavaThread "Process monitor" daemon [_thread_in_native, id=19028, stack(0x0000000046a00000,0x0000000046b00000)]
  0x0000000019b42000 JavaThread "Input Stream Monitor" daemon [_thread_blocked, id=19020, stack(0x0000000046900000,0x0000000046a00000)]
  0x0000000019b43000 JavaThread "Output Stream Monitor" daemon [_thread_in_native, id=18960, stack(0x0000000046800000,0x0000000046900000)]
  0x0000000019b41800 JavaThread "Output Stream Monitor" daemon [_thread_in_native, id=19016, stack(0x0000000046700000,0x0000000046800000)]
  0x0000000019b39000 JavaThread "Timer-60" daemon [_thread_blocked, id=18928, stack(0x0000000046500000,0x0000000046600000)]
  0x0000000019b3f000 JavaThread "Process monitor" daemon [_thread_in_native, id=18560, stack(0x0000000046300000,0x0000000046400000)]
  0x0000000019b3e800 JavaThread "Input Stream Monitor" daemon [_thread_blocked, id=17816, stack(0x0000000046200000,0x0000000046300000)]
  0x0000000019b3d000 JavaThread "Output Stream Monitor" daemon [_thread_in_native, id=19452, stack(0x0000000046100000,0x0000000046200000)]
  0x0000000019b3d800 JavaThread "Output Stream Monitor" daemon [_thread_in_native, id=19448, stack(0x0000000046000000,0x0000000046100000)]
  0x0000000019b38800 JavaThread "Timer-59" daemon [_thread_blocked, id=19228, stack(0x0000000045f00000,0x0000000046000000)]
  0x0000000019b3a800 JavaThread "Process monitor" daemon [_thread_in_native, id=19148, stack(0x0000000045e00000,0x0000000045f00000)]
  0x0000000019b3c000 JavaThread "Input Stream Monitor" daemon [_thread_blocked, id=19144, stack(0x0000000045d00000,0x0000000045e00000)]
  0x0000000019b36000 JavaThread "Output Stream Monitor" daemon [_thread_in_native, id=19140, stack(0x0000000045c00000,0x0000000045d00000)]
  0x0000000019b3b800 JavaThread "Output Stream Monitor" daemon [_thread_in_native, id=19136, stack(0x0000000045b00000,0x0000000045c00000)]
  0x0000000019b3a000 JavaThread "Timer-58" daemon [_thread_blocked, id=18864, stack(0x0000000045800000,0x0000000045900000)]
  0x0000000019b34000 JavaThread "Process monitor" daemon [_thread_in_native, id=18780, stack(0x0000000045700000,0x0000000045800000)]
  0x0000000019b34800 JavaThread "Input Stream Monitor" daemon [_thread_blocked, id=18776, stack(0x0000000045600000,0x0000000045700000)]
  0x0000000019b32800 JavaThread "Output Stream Monitor" daemon [_thread_in_native, id=18772, stack(0x0000000045500000,0x0000000045600000)]
  0x0000000019b37800 JavaThread "Output Stream Monitor" daemon [_thread_in_native, id=18768, stack(0x0000000045400000,0x0000000045500000)]
  0x0000000019b30000 JavaThread "Timer-57" daemon [_thread_blocked, id=18684, stack(0x0000000045300000,0x0000000045400000)]
  0x0000000019b37000 JavaThread "Process monitor" daemon [_thread_in_native, id=18608, stack(0x0000000045200000,0x0000000045300000)]
  0x0000000019b33000 JavaThread "Input Stream Monitor" daemon [_thread_blocked, id=18604, stack(0x0000000045100000,0x0000000045200000)]
  0x0000000019b31000 JavaThread "Output Stream Monitor" daemon [_thread_in_native, id=18600, stack(0x0000000045000000,0x0000000045100000)]
  0x0000000019b31800 JavaThread "Output Stream Monitor" daemon [_thread_in_native, id=18596, stack(0x0000000044f00000,0x0000000045000000)]
  0x0000000019b2f800 JavaThread "Timer-56" daemon [_thread_blocked, id=18556, stack(0x0000000044e00000,0x0000000044f00000)]
  0x0000000019b2e800 JavaThread "Timer-55" daemon [_thread_blocked, id=18464, stack(0x0000000044d00000,0x0000000044e00000)]
  0x0000000019b35800 JavaThread "Process monitor" daemon [_thread_in_native, id=17604, stack(0x0000000044c00000,0x0000000044d00000)]
  0x0000000019b2e000 JavaThread "Input Stream Monitor" daemon [_thread_blocked, id=17628, stack(0x0000000044b00000,0x0000000044c00000)]
  0x0000000019b26000 JavaThread "Output Stream Monitor" daemon [_thread_in_native, id=17564, stack(0x0000000044a00000,0x0000000044b00000)]
  0x0000000019b2d000 JavaThread "Output Stream Monitor" daemon [_thread_in_native, id=17584, stack(0x0000000044900000,0x0000000044a00000)]
  0x0000000019b25800 JavaThread "Process monitor" daemon [_thread_in_native, id=17688, stack(0x0000000044800000,0x0000000044900000)]
  0x0000000019b2c800 JavaThread "Input Stream Monitor" daemon [_thread_blocked, id=4480, stack(0x0000000044700000,0x0000000044800000)]
  0x0000000019b28800 JavaThread "Output Stream Monitor" daemon [_thread_in_native, id=18240, stack(0x0000000044600000,0x0000000044700000)]
  0x0000000019b28000 JavaThread "Output Stream Monitor" daemon [_thread_in_native, id=16496, stack(0x0000000044500000,0x0000000044600000)]
  0x0000000019b2a000 JavaThread "Worker-51" [_thread_blocked, id=17908, stack(0x0000000044400000,0x0000000044500000)]
  0x0000000019b27000 JavaThread "Timer-54" daemon [_thread_blocked, id=17892, stack(0x0000000044300000,0x0000000044400000)]
  0x0000000019b29800 JavaThread "Process monitor" daemon [_thread_in_native, id=17740, stack(0x0000000044200000,0x0000000044300000)]
  0x0000000019b24800 JavaThread "Input Stream Monitor" daemon [_thread_blocked, id=16092, stack(0x0000000044100000,0x0000000044200000)]
  0x0000000019b2b800 JavaThread "Output Stream Monitor" daemon [_thread_in_native, id=17748, stack(0x0000000044000000,0x0000000044100000)]
  0x0000000019b2b000 JavaThread "Output Stream Monitor" daemon [_thread_in_native, id=2256, stack(0x0000000043f00000,0x0000000044000000)]
  0x000000001cc17800 JavaThread "Timer-53" daemon [_thread_blocked, id=17596, stack(0x0000000043e00000,0x0000000043f00000)]
  0x000000001cc17000 JavaThread "Process monitor" daemon [_thread_in_native, id=17612, stack(0x0000000043d00000,0x0000000043e00000)]
  0x000000002125f000 JavaThread "Input Stream Monitor" daemon [_thread_blocked, id=17616, stack(0x0000000043c00000,0x0000000043d00000)]
  0x0000000021257000 JavaThread "Output Stream Monitor" daemon [_thread_in_native, id=17620, stack(0x0000000043b00000,0x0000000043c00000)]
  0x000000002125e000 JavaThread "Output Stream Monitor" daemon [_thread_in_native, id=17672, stack(0x0000000043a00000,0x0000000043b00000)]
  0x0000000021258000 JavaThread "Worker-50" [_thread_blocked, id=17252, stack(0x0000000043900000,0x0000000043a00000)]
  0x000000002125d800 JavaThread "Worker-49" [_thread_blocked, id=17684, stack(0x0000000043800000,0x0000000043900000)]
  0x000000002125c800 JavaThread "Worker-48" [_thread_blocked, id=18164, stack(0x0000000043700000,0x0000000043800000)]
  0x000000002125c000 JavaThread "Timer-52" daemon [_thread_blocked, id=18160, stack(0x0000000043500000,0x0000000043600000)]
  0x0000000021255800 JavaThread "Timer-51" daemon [_thread_blocked, id=5620, stack(0x0000000043400000,0x0000000043500000)]
  0x0000000021255000 JavaThread "Process monitor" daemon [_thread_in_native, id=18332, stack(0x0000000043300000,0x0000000043400000)]
  0x000000002125a800 JavaThread "Input Stream Monitor" daemon [_thread_blocked, id=18328, stack(0x0000000043200000,0x0000000043300000)]
  0x0000000021254000 JavaThread "Output Stream Monitor" daemon [_thread_in_native, id=18324, stack(0x0000000043100000,0x0000000043200000)]
  0x0000000021256800 JavaThread "Output Stream Monitor" daemon [_thread_in_native, id=18272, stack(0x0000000043000000,0x0000000043100000)]
  0x0000000021259800 JavaThread "Process monitor" daemon [_thread_in_native, id=18308, stack(0x0000000042f00000,0x0000000043000000)]
  0x0000000021252800 JavaThread "Input Stream Monitor" daemon [_thread_blocked, id=18304, stack(0x0000000042e00000,0x0000000042f00000)]
  0x0000000021259000 JavaThread "Output Stream Monitor" daemon [_thread_in_native, id=18300, stack(0x0000000042d00000,0x0000000042e00000)]
  0x0000000021253800 JavaThread "Output Stream Monitor" daemon [_thread_in_native, id=18244, stack(0x0000000042c00000,0x0000000042d00000)]
  0x000000002124b000 JavaThread "Worker-46" [_thread_blocked, id=5584, stack(0x0000000042b00000,0x0000000042c00000)]
  0x0000000021252000 JavaThread "Worker-45" [_thread_blocked, id=18296, stack(0x0000000042a00000,0x0000000042b00000)]
  0x000000002124f000 JavaThread "Worker-44" [_thread_blocked, id=18284, stack(0x0000000042900000,0x0000000042a00000)]
  0x000000002124a800 JavaThread "Timer-50" daemon [_thread_blocked, id=18236, stack(0x0000000042800000,0x0000000042900000)]
  0x0000000021251000 JavaThread "Process monitor" daemon [_thread_in_native, id=17988, stack(0x0000000042700000,0x0000000042800000)]
  0x000000002124e000 JavaThread "Input Stream Monitor" daemon [_thread_blocked, id=18072, stack(0x0000000042600000,0x0000000042700000)]
  0x0000000021250800 JavaThread "Output Stream Monitor" daemon [_thread_in_native, id=18040, stack(0x0000000042500000,0x0000000042600000)]
  0x000000002124f800 JavaThread "Output Stream Monitor" daemon [_thread_in_native, id=18036, stack(0x0000000042400000,0x0000000042500000)]
  0x0000000021249800 JavaThread "Worker-43" [_thread_blocked, id=18112, stack(0x0000000042300000,0x0000000042400000)]
  0x000000002124c800 JavaThread "Timer-49" daemon [_thread_blocked, id=17996, stack(0x0000000042200000,0x0000000042300000)]
  0x000000002124c000 JavaThread "Process monitor" daemon [_thread_in_native, id=18020, stack(0x0000000042100000,0x0000000042200000)]
  0x000000002124d800 JavaThread "Input Stream Monitor" daemon [_thread_blocked, id=18016, stack(0x0000000042000000,0x0000000042100000)]
  0x0000000021242000 JavaThread "Output Stream Monitor" daemon [_thread_in_native, id=17980, stack(0x0000000041f00000,0x0000000042000000)]
  0x0000000021249000 JavaThread "Output Stream Monitor" daemon [_thread_in_native, id=1676, stack(0x0000000041e00000,0x0000000041f00000)]
  0x0000000021241800 JavaThread "Worker-42" [_thread_blocked, id=16372, stack(0x0000000041d00000,0x0000000041e00000)]
  0x0000000021248000 JavaThread "Worker-41" [_thread_blocked, id=17948, stack(0x0000000041c00000,0x0000000041d00000)]
  0x0000000021247800 JavaThread "Timer-48" daemon [_thread_blocked, id=10296, stack(0x0000000041b00000,0x0000000041c00000)]
  0x0000000021240000 JavaThread "Process monitor" daemon [_thread_in_native, id=17920, stack(0x0000000041a00000,0x0000000041b00000)]
  0x0000000021245000 JavaThread "Input Stream Monitor" daemon [_thread_blocked, id=17832, stack(0x0000000041900000,0x0000000041a00000)]
  0x0000000021244800 JavaThread "Output Stream Monitor" daemon [_thread_in_native, id=17388, stack(0x0000000041800000,0x0000000041900000)]
  0x0000000021243000 JavaThread "Output Stream Monitor" daemon [_thread_in_native, id=356, stack(0x0000000041700000,0x0000000041800000)]
  0x0000000021246000 JavaThread "Worker-40" [_thread_blocked, id=17912, stack(0x0000000041600000,0x0000000041700000)]
  0x0000000021246800 JavaThread "Worker-39" [_thread_blocked, id=17904, stack(0x0000000041500000,0x0000000041600000)]
  0x0000000021243800 JavaThread "Timer-47" daemon [_thread_blocked, id=17064, stack(0x0000000040b00000,0x0000000040c00000)]
  0x0000000021240800 JavaThread "Process monitor" daemon [_thread_in_native, id=16984, stack(0x0000000040a00000,0x0000000040b00000)]
  0x000000001cc22000 JavaThread "Input Stream Monitor" daemon [_thread_blocked, id=16980, stack(0x0000000040900000,0x0000000040a00000)]
  0x000000001cc21800 JavaThread "Output Stream Monitor" daemon [_thread_in_native, id=16976, stack(0x0000000040800000,0x0000000040900000)]
  0x000000001cc20800 JavaThread "Output Stream Monitor" daemon [_thread_in_native, id=16972, stack(0x0000000040430000,0x0000000040530000)]
  0x000000001cc19000 JavaThread "Worker-38" [_thread_blocked, id=16960, stack(0x0000000040330000,0x0000000040430000)]
  0x000000001cc1f000 JavaThread "Timer-46" daemon [_thread_blocked, id=16916, stack(0x0000000040230000,0x0000000040330000)]
  0x000000001cc20000 JavaThread "Process monitor" daemon [_thread_in_native, id=16836, stack(0x0000000040130000,0x0000000040230000)]
  0x000000001cc1e800 JavaThread "Input Stream Monitor" daemon [_thread_blocked, id=16832, stack(0x0000000040030000,0x0000000040130000)]
  0x000000001cc1d800 JavaThread "Output Stream Monitor" daemon [_thread_in_native, id=16828, stack(0x000000003ff30000,0x0000000040030000)]
  0x000000001cc1d000 JavaThread "Output Stream Monitor" daemon [_thread_in_native, id=16824, stack(0x000000003fe30000,0x000000003ff30000)]
  0x000000001cc15800 JavaThread "Timer-45" daemon [_thread_blocked, id=16756, stack(0x000000003fb30000,0x000000003fc30000)]
  0x000000001cc1b800 JavaThread "Process monitor" daemon [_thread_in_native, id=16680, stack(0x000000003fa30000,0x000000003fb30000)]
  0x000000001cc1c000 JavaThread "Input Stream Monitor" daemon [_thread_blocked, id=16676, stack(0x000000003f930000,0x000000003fa30000)]
  0x000000001cc18800 JavaThread "Output Stream Monitor" daemon [_thread_in_native, id=16672, stack(0x000000003f830000,0x000000003f930000)]
  0x000000001cc14800 JavaThread "Output Stream Monitor" daemon [_thread_in_native, id=16668, stack(0x000000003f730000,0x000000003f830000)]
  0x000000001cc14000 JavaThread "Worker-35" [_thread_blocked, id=16656, stack(0x000000003f630000,0x000000003f730000)]
  0x000000001cc16000 JavaThread "Timer-44" daemon [_thread_blocked, id=16604, stack(0x000000003f530000,0x000000003f630000)]
  0x000000001cc1a000 JavaThread "Process monitor" daemon [_thread_in_native, id=16528, stack(0x000000003f430000,0x000000003f530000)]
  0x000000001cc1a800 JavaThread "Input Stream Monitor" daemon [_thread_blocked, id=16524, stack(0x000000003f330000,0x000000003f430000)]
  0x000000001cc0c800 JavaThread "Output Stream Monitor" daemon [_thread_in_native, id=16520, stack(0x000000003f230000,0x000000003f330000)]
  0x000000001cc13000 JavaThread "Output Stream Monitor" daemon [_thread_in_native, id=16516, stack(0x000000003f130000,0x000000003f230000)]
  0x000000001cc11800 JavaThread "Timer-43" daemon [_thread_blocked, id=16448, stack(0x000000003f030000,0x000000003f130000)]
  0x000000001cc12800 JavaThread "Process monitor" daemon [_thread_in_native, id=15844, stack(0x000000003ef30000,0x000000003f030000)]
  0x000000001cc0e000 JavaThread "Input Stream Monitor" daemon [_thread_blocked, id=16068, stack(0x000000003ee30000,0x000000003ef30000)]
  0x000000001cc11000 JavaThread "Output Stream Monitor" daemon [_thread_in_native, id=15924, stack(0x000000003ed30000,0x000000003ee30000)]
  0x000000001cc0d000 JavaThread "Output Stream Monitor" daemon [_thread_in_native, id=2524, stack(0x000000003ec30000,0x000000003ed30000)]
  0x000000001cc0e800 JavaThread "Worker-34" [_thread_blocked, id=12116, stack(0x000000003eb30000,0x000000003ec30000)]
  0x000000001cc10000 JavaThread "Worker-33" [_thread_blocked, id=5744, stack(0x000000003da30000,0x000000003db30000)]
  0x000000001cc0f800 JavaThread "Timer-41" daemon [_thread_blocked, id=15748, stack(0x000000003d930000,0x000000003da30000)]
  0x000000001cc05000 JavaThread "Process monitor" daemon [_thread_in_native, id=16360, stack(0x000000003d830000,0x000000003d930000)]
  0x000000001cc0b800 JavaThread "Input Stream Monitor" daemon [_thread_blocked, id=16356, stack(0x000000003d730000,0x000000003d830000)]
  0x000000001cc0b000 JavaThread "Output Stream Monitor" daemon [_thread_in_native, id=16352, stack(0x000000003d630000,0x000000003d730000)]
  0x000000001cc03800 JavaThread "Output Stream Monitor" daemon [_thread_in_native, id=16348, stack(0x000000003d530000,0x000000003d630000)]
  0x000000001cc09800 JavaThread "Timer-40" daemon [_thread_blocked, id=16296, stack(0x000000003d430000,0x000000003d530000)]
  0x000000001cc08800 JavaThread "Process monitor" daemon [_thread_in_native, id=16212, stack(0x000000003d330000,0x000000003d430000)]
  0x000000001cc0a000 JavaThread "Input Stream Monitor" daemon [_thread_blocked, id=16208, stack(0x000000003d230000,0x000000003d330000)]
  0x000000001cc04000 JavaThread "Output Stream Monitor" daemon [_thread_in_native, id=16204, stack(0x000000003d130000,0x000000003d230000)]
  0x000000001cc07000 JavaThread "Output Stream Monitor" daemon [_thread_in_native, id=16200, stack(0x000000003d030000,0x000000003d130000)]
  0x000000001cc06800 JavaThread "Worker-32" [_thread_blocked, id=16188, stack(0x000000003cf30000,0x000000003d030000)]
  0x000000001cc08000 JavaThread "Worker-31" [_thread_blocked, id=16184, stack(0x000000003ce30000,0x000000003cf30000)]
  0x000000001cc05800 JavaThread "Timer-39" daemon [_thread_blocked, id=16136, stack(0x000000003cd30000,0x000000003ce30000)]
  0x000000001ae92000 JavaThread "Process monitor" daemon [_thread_in_native, id=16060, stack(0x000000003cc30000,0x000000003cd30000)]
  0x000000001ae91800 JavaThread "Input Stream Monitor" daemon [_thread_blocked, id=16056, stack(0x000000003cb30000,0x000000003cc30000)]
  0x000000001ae90800 JavaThread "Output Stream Monitor" daemon [_thread_in_native, id=16052, stack(0x000000003ca30000,0x000000003cb30000)]
  0x000000001ae8f000 JavaThread "Output Stream Monitor" daemon [_thread_in_native, id=16048, stack(0x000000003c930000,0x000000003ca30000)]
  0x000000001ae8e800 JavaThread "Timer-38" daemon [_thread_blocked, id=15996, stack(0x000000003c830000,0x000000003c930000)]
  0x000000001ae94000 JavaThread "Process monitor" daemon [_thread_in_native, id=15916, stack(0x000000003c730000,0x000000003c830000)]
  0x000000001ae8c000 JavaThread "Input Stream Monitor" daemon [_thread_blocked, id=15912, stack(0x000000003c630000,0x000000003c730000)]
  0x000000001ae8d800 JavaThread "Output Stream Monitor" daemon [_thread_in_native, id=15908, stack(0x000000003c530000,0x000000003c630000)]
  0x000000001ae90000 JavaThread "Output Stream Monitor" daemon [_thread_in_native, id=15904, stack(0x000000003c430000,0x000000003c530000)]
  0x000000001ae93000 JavaThread "Timer-37" daemon [_thread_blocked, id=15700, stack(0x000000003c330000,0x000000003c430000)]
  0x000000001ae8d000 JavaThread "Process monitor" daemon [_thread_in_native, id=15624, stack(0x000000003c230000,0x000000003c330000)]
  0x000000001ae84800 JavaThread "Input Stream Monitor" daemon [_thread_blocked, id=15620, stack(0x000000003c130000,0x000000003c230000)]
  0x000000001ae8a800 JavaThread "Output Stream Monitor" daemon [_thread_in_native, id=15616, stack(0x000000003c030000,0x000000003c130000)]
  0x000000001ae89000 JavaThread "Output Stream Monitor" daemon [_thread_in_native, id=15612, stack(0x000000003bf30000,0x000000003c030000)]
  0x000000001ae8b800 JavaThread "Worker-30" [_thread_blocked, id=15596, stack(0x000000003be30000,0x000000003bf30000)]
  0x000000001ae8a000 JavaThread "Timer-36" daemon [_thread_blocked, id=15556, stack(0x000000003bd30000,0x000000003be30000)]
  0x000000001ae85800 JavaThread "Process monitor" daemon [_thread_in_native, id=15472, stack(0x000000003bc30000,0x000000003bd30000)]
  0x000000001ae86000 JavaThread "Input Stream Monitor" daemon [_thread_blocked, id=15468, stack(0x000000003bb30000,0x000000003bc30000)]
  0x000000001ae88800 JavaThread "Output Stream Monitor" daemon [_thread_in_native, id=15464, stack(0x000000003ba30000,0x000000003bb30000)]
  0x000000001ae87800 JavaThread "Output Stream Monitor" daemon [_thread_in_native, id=15460, stack(0x000000003b930000,0x000000003ba30000)]
  0x000000001ae87000 JavaThread "Worker-29" [_thread_blocked, id=15432, stack(0x000000003b830000,0x000000003b930000)]
  0x000000002122e000 JavaThread "Timer-35" daemon [_thread_blocked, id=15388, stack(0x000000003b730000,0x000000003b830000)]
  0x000000002122d800 JavaThread "Process monitor" daemon [_thread_in_native, id=4848, stack(0x000000003b630000,0x000000003b730000)]
  0x000000002122c000 JavaThread "Input Stream Monitor" daemon [_thread_blocked, id=11512, stack(0x000000003b530000,0x000000003b630000)]
  0x000000001f220800 JavaThread "Output Stream Monitor" daemon [_thread_in_native, id=7424, stack(0x000000003b430000,0x000000003b530000)]
  0x000000001f21d800 JavaThread "Output Stream Monitor" daemon [_thread_in_native, id=12688, stack(0x000000003b330000,0x000000003b430000)]
  0x000000001f21d000 JavaThread "Worker-28" [_thread_blocked, id=10632, stack(0x000000003b230000,0x000000003b330000)]
  0x000000001f21e800 JavaThread "Timer-34" daemon [_thread_blocked, id=14296, stack(0x000000003b130000,0x000000003b230000)]
  0x000000001f21f000 JavaThread "Process monitor" daemon [_thread_in_native, id=14568, stack(0x000000003b030000,0x000000003b130000)]
  0x000000001f215800 JavaThread "Input Stream Monitor" daemon [_thread_blocked, id=9044, stack(0x000000003af30000,0x000000003b030000)]
  0x000000001f21c000 JavaThread "Output Stream Monitor" daemon [_thread_in_native, id=11456, stack(0x000000003ae30000,0x000000003af30000)]
  0x000000001f21a800 JavaThread "Output Stream Monitor" daemon [_thread_in_native, id=13208, stack(0x000000003ad30000,0x000000003ae30000)]
  0x000000001f21a000 JavaThread "Timer-33" daemon [_thread_blocked, id=2472, stack(0x000000003ac30000,0x000000003ad30000)]
  0x000000001f214800 JavaThread "Process monitor" daemon [_thread_in_native, id=8268, stack(0x000000003ab30000,0x000000003ac30000)]
  0x000000001f21b800 JavaThread "Input Stream Monitor" daemon [_thread_blocked, id=10344, stack(0x000000003aa30000,0x000000003ab30000)]
  0x000000001f212800 JavaThread "Output Stream Monitor" daemon [_thread_in_native, id=5068, stack(0x000000003a930000,0x000000003aa30000)]
  0x000000001f218800 JavaThread "Output Stream Monitor" daemon [_thread_in_native, id=1368, stack(0x000000003a830000,0x000000003a930000)]
  0x000000001f214000 JavaThread "Timer-32" daemon [_thread_blocked, id=3232, stack(0x000000003a730000,0x000000003a830000)]
  0x000000001f217800 JavaThread "Process monitor" daemon [_thread_in_native, id=1148, stack(0x000000003a630000,0x000000003a730000)]
  0x000000001f219000 JavaThread "Input Stream Monitor" daemon [_thread_blocked, id=10440, stack(0x000000003a530000,0x000000003a630000)]
  0x000000001f213000 JavaThread "Output Stream Monitor" daemon [_thread_in_native, id=2020, stack(0x000000003a430000,0x000000003a530000)]
  0x000000001f217000 JavaThread "Output Stream Monitor" daemon [_thread_in_native, id=2788, stack(0x000000003a330000,0x000000003a430000)]
  0x000000001f216000 JavaThread "Worker-27" [_thread_blocked, id=12072, stack(0x000000003a230000,0x000000003a330000)]
  0x000000001f211800 JavaThread "Worker-26" [_thread_blocked, id=3344, stack(0x0000000039530000,0x0000000039630000)]
  0x000000002122b000 JavaThread "Worker-25" [_thread_blocked, id=12880, stack(0x0000000038f30000,0x0000000039030000)]
  0x000000002122a800 JavaThread "Worker-24" [_thread_blocked, id=2364, stack(0x0000000032b30000,0x0000000032c30000)]
  0x0000000021223000 JavaThread "Worker-23" [_thread_blocked, id=5300, stack(0x0000000031430000,0x0000000031530000)]
  0x0000000021224800 JavaThread "Timer-19" daemon [_thread_blocked, id=10108, stack(0x0000000030c30000,0x0000000030d30000)]
  0x0000000021229800 JavaThread "Process monitor" daemon [_thread_in_native, id=8684, stack(0x0000000030b30000,0x0000000030c30000)]
  0x0000000021229000 JavaThread "Input Stream Monitor" daemon [_thread_blocked, id=14768, stack(0x0000000030a30000,0x0000000030b30000)]
  0x0000000021221800 JavaThread "Output Stream Monitor" daemon [_thread_in_native, id=4572, stack(0x0000000030930000,0x0000000030a30000)]
  0x0000000021228000 JavaThread "Output Stream Monitor" daemon [_thread_in_native, id=8992, stack(0x0000000030830000,0x0000000030930000)]
  0x0000000021226800 JavaThread "Worker-22" [_thread_blocked, id=4824, stack(0x0000000030730000,0x0000000030830000)]
  0x0000000021222000 JavaThread "Timer-18" daemon [_thread_blocked, id=10068, stack(0x0000000030630000,0x0000000030730000)]
  0x0000000021223800 JavaThread "Worker-21" [_thread_blocked, id=9964, stack(0x0000000030530000,0x0000000030630000)]
  0x0000000021227800 JavaThread "Process monitor" daemon [_thread_in_native, id=6924, stack(0x0000000030430000,0x0000000030530000)]
  0x000000002121f000 JavaThread "Input Stream Monitor" daemon [_thread_blocked, id=14456, stack(0x0000000030330000,0x0000000030430000)]
  0x0000000021220800 JavaThread "Output Stream Monitor" daemon [_thread_in_native, id=6980, stack(0x0000000030230000,0x0000000030330000)]
  0x0000000021220000 JavaThread "Output Stream Monitor" daemon [_thread_in_native, id=9096, stack(0x0000000030130000,0x0000000030230000)]
  0x0000000021226000 JavaThread "Timer-17" daemon [_thread_blocked, id=2164, stack(0x0000000030030000,0x0000000030130000)]
  0x0000000021225000 JavaThread "Process monitor" daemon [_thread_in_native, id=2336, stack(0x000000002ff30000,0x0000000030030000)]
  0x0000000020a05000 JavaThread "Input Stream Monitor" daemon [_thread_blocked, id=8076, stack(0x000000002fe30000,0x000000002ff30000)]
  0x0000000020a04000 JavaThread "Output Stream Monitor" daemon [_thread_in_native, id=12476, stack(0x000000002fd30000,0x000000002fe30000)]
  0x0000000020a09000 JavaThread "Output Stream Monitor" daemon [_thread_in_native, id=4860, stack(0x000000002fc30000,0x000000002fd30000)]
  0x0000000020a08000 JavaThread "Worker-20" [_thread_blocked, id=10592, stack(0x000000002fb30000,0x000000002fc30000)]
  0x0000000020a07000 JavaThread "Timer-16" daemon [_thread_blocked, id=9400, stack(0x000000002fa30000,0x000000002fb30000)]
  0x0000000020a06800 JavaThread "Process monitor" daemon [_thread_in_native, id=11136, stack(0x000000002f930000,0x000000002fa30000)]
  0x0000000020a05800 JavaThread "Input Stream Monitor" daemon [_thread_blocked, id=4344, stack(0x000000002f830000,0x000000002f930000)]
  0x00000000209fc800 JavaThread "Output Stream Monitor" daemon [_thread_in_native, id=11052, stack(0x000000002f730000,0x000000002f830000)]
  0x0000000020a03800 JavaThread "Output Stream Monitor" daemon [_thread_in_native, id=13384, stack(0x000000002f630000,0x000000002f730000)]
  0x00000000209fc000 JavaThread "Worker-19" [_thread_blocked, id=13232, stack(0x000000002f530000,0x000000002f630000)]
  0x0000000020a02800 JavaThread "Timer-15" daemon [_thread_blocked, id=1620, stack(0x000000002f430000,0x000000002f530000)]
  0x0000000020a02000 JavaThread "Process monitor" daemon [_thread_in_native, id=15328, stack(0x000000002f330000,0x000000002f430000)]
  0x0000000020a00800 JavaThread "Input Stream Monitor" daemon [_thread_blocked, id=8148, stack(0x000000002f230000,0x000000002f330000)]
  0x00000000209fa800 JavaThread "Output Stream Monitor" daemon [_thread_in_native, id=8036, stack(0x000000002f130000,0x000000002f230000)]
  0x00000000209fd800 JavaThread "Output Stream Monitor" daemon [_thread_in_native, id=10356, stack(0x000000002f030000,0x000000002f130000)]
  0x00000000209ff000 JavaThread "Worker-18" [_thread_blocked, id=7160, stack(0x000000002ef30000,0x000000002f030000)]
  0x00000000209fb000 JavaThread "Timer-14" daemon [_thread_blocked, id=9024, stack(0x000000002ee30000,0x000000002ef30000)]
  0x0000000020a01000 JavaThread "Worker-17" [_thread_blocked, id=12504, stack(0x000000002ed30000,0x000000002ee30000)]
  0x00000000209ff800 JavaThread "Process monitor" daemon [_thread_in_native, id=1552, stack(0x000000002ec30000,0x000000002ed30000)]
  0x00000000209fe000 JavaThread "Input Stream Monitor" daemon [_thread_blocked, id=9276, stack(0x000000002eb30000,0x000000002ec30000)]
  0x00000000209f9800 JavaThread "Output Stream Monitor" daemon [_thread_in_native, id=9416, stack(0x000000002ea30000,0x000000002eb30000)]
  0x0000000021d21000 JavaThread "Output Stream Monitor" daemon [_thread_in_native, id=5920, stack(0x000000002e930000,0x000000002ea30000)]
  0x0000000021d1f800 JavaThread "Timer-13" daemon [_thread_blocked, id=11224, stack(0x000000002e830000,0x000000002e930000)]
  0x0000000021d1f000 JavaThread "Process monitor" daemon [_thread_in_native, id=9764, stack(0x000000002e730000,0x000000002e830000)]
  0x0000000021d25000 JavaThread "Input Stream Monitor" daemon [_thread_blocked, id=9760, stack(0x000000002e630000,0x000000002e730000)]
  0x0000000021d22800 JavaThread "Output Stream Monitor" daemon [_thread_in_native, id=7184, stack(0x000000002e530000,0x000000002e630000)]
  0x0000000021d22000 JavaThread "Output Stream Monitor" daemon [_thread_in_native, id=3204, stack(0x000000002e430000,0x000000002e530000)]
  0x0000000021d20800 JavaThread "Timer-12" daemon [_thread_blocked, id=3432, stack(0x000000002e330000,0x000000002e430000)]
  0x0000000021d23800 JavaThread "Process monitor" daemon [_thread_in_native, id=4392, stack(0x000000002e230000,0x000000002e330000)]
  0x0000000021d17800 JavaThread "Input Stream Monitor" daemon [_thread_blocked, id=6544, stack(0x000000002e130000,0x000000002e230000)]
  0x0000000021d1e000 JavaThread "Output Stream Monitor" daemon [_thread_in_native, id=9052, stack(0x000000002e030000,0x000000002e130000)]
  0x0000000021d1d800 JavaThread "Output Stream Monitor" daemon [_thread_in_native, id=8264, stack(0x000000002df30000,0x000000002e030000)]
  0x0000000021d19800 JavaThread "Timer-11" daemon [_thread_blocked, id=7928, stack(0x000000002d230000,0x000000002d330000)]
  0x0000000021d19000 JavaThread "Timer-10" daemon [_thread_blocked, id=9312, stack(0x000000002d130000,0x000000002d230000)]
  0x0000000021d1b000 JavaThread "Timer-9" daemon [_thread_blocked, id=7956, stack(0x000000002d030000,0x000000002d130000)]
  0x0000000021d16800 JavaThread "Process monitor" daemon [_thread_in_native, id=14860, stack(0x000000002cf30000,0x000000002d030000)]
  0x0000000021d18000 JavaThread "Input Stream Monitor" daemon [_thread_blocked, id=12284, stack(0x000000002ce30000,0x000000002cf30000)]
  0x0000000021d16000 JavaThread "Output Stream Monitor" daemon [_thread_in_native, id=12876, stack(0x000000002cd30000,0x000000002ce30000)]
  0x0000000021d1c800 JavaThread "Output Stream Monitor" daemon [_thread_in_native, id=2748, stack(0x000000002cc30000,0x000000002cd30000)]
  0x0000000021d1a800 JavaThread "Process monitor" daemon [_thread_in_native, id=13328, stack(0x000000002cb30000,0x000000002cc30000)]
  0x0000000021d1c000 JavaThread "Input Stream Monitor" daemon [_thread_blocked, id=14408, stack(0x000000002ca30000,0x000000002cb30000)]
  0x000000001fd8d000 JavaThread "Output Stream Monitor" daemon [_thread_in_native, id=4224, stack(0x000000002c930000,0x000000002ca30000)]
  0x000000001fd8c800 JavaThread "Output Stream Monitor" daemon [_thread_in_native, id=13376, stack(0x000000002c830000,0x000000002c930000)]
  0x000000001fd8b000 JavaThread "Process monitor" daemon [_thread_in_native, id=4340, stack(0x000000002c730000,0x000000002c830000)]
  0x000000001fd8b800 JavaThread "Input Stream Monitor" daemon [_thread_blocked, id=14168, stack(0x000000002c630000,0x000000002c730000)]
  0x000000001fd8e000 JavaThread "Output Stream Monitor" daemon [_thread_in_native, id=6048, stack(0x000000002c530000,0x000000002c630000)]
  0x000000001fd8a000 JavaThread "Output Stream Monitor" daemon [_thread_in_native, id=11528, stack(0x000000002c430000,0x000000002c530000)]
  0x000000001fd82800 JavaThread "Worker-16" [_thread_blocked, id=14332, stack(0x000000002c330000,0x000000002c430000)]
  0x000000001fd89800 JavaThread "Worker-15" [_thread_blocked, id=10512, stack(0x000000002c230000,0x000000002c330000)]
  0x000000001fd82000 JavaThread "Timer-8" daemon [_thread_blocked, id=12516, stack(0x000000002c130000,0x000000002c230000)]
  0x000000001fd88800 JavaThread "Process monitor" daemon [_thread_in_native, id=3112, stack(0x000000002c030000,0x000000002c130000)]
  0x000000001fd88000 JavaThread "Input Stream Monitor" daemon [_thread_blocked, id=13100, stack(0x000000002bf30000,0x000000002c030000)]
  0x000000001fd87000 JavaThread "Output Stream Monitor" daemon [_thread_in_native, id=13164, stack(0x000000002be30000,0x000000002bf30000)]
  0x000000001fd81000 JavaThread "Output Stream Monitor" daemon [_thread_in_native, id=12372, stack(0x000000002bd30000,0x000000002be30000)]
  0x000000001fd86800 JavaThread "Timer-7" daemon [_thread_blocked, id=11404, stack(0x000000002ba30000,0x000000002bb30000)]
  0x000000001fd80800 JavaThread "Timer-6" daemon [_thread_blocked, id=7780, stack(0x000000002b930000,0x000000002ba30000)]
  0x000000001fd85000 JavaThread "Timer-5" daemon [_thread_blocked, id=9960, stack(0x000000002b830000,0x000000002b930000)]
  0x000000001fd83800 JavaThread "Process monitor" daemon [_thread_in_native, id=7672, stack(0x000000002b630000,0x000000002b730000)]
  0x000000001fd84000 JavaThread "Input Stream Monitor" daemon [_thread_blocked, id=14848, stack(0x000000002b530000,0x000000002b630000)]
  0x000000001fd85800 JavaThread "Output Stream Monitor" daemon [_thread_in_native, id=15280, stack(0x000000002b430000,0x000000002b530000)]
  0x000000001fd7f800 JavaThread "Output Stream Monitor" daemon [_thread_in_native, id=13280, stack(0x000000002b330000,0x000000002b430000)]
  0x000000001fd7f000 JavaThread "Process monitor" daemon [_thread_in_native, id=13320, stack(0x000000002b130000,0x000000002b230000)]
  0x000000001f320800 JavaThread "Input Stream Monitor" daemon [_thread_blocked, id=8616, stack(0x000000002b030000,0x000000002b130000)]
  0x000000001f319000 JavaThread "Output Stream Monitor" daemon [_thread_in_native, id=7400, stack(0x000000002af30000,0x000000002b030000)]
  0x000000001f320000 JavaThread "Output Stream Monitor" daemon [_thread_in_native, id=10940, stack(0x000000002ae30000,0x000000002af30000)]
  0x000000001f31f000 JavaThread "Worker-14" [_thread_blocked, id=3804, stack(0x000000002ad30000,0x000000002ae30000)]
  0x000000001f31e000 JavaThread "Process monitor" daemon [_thread_in_native, id=13568, stack(0x000000002ab30000,0x000000002ac30000)]
  0x000000001f31d800 JavaThread "Input Stream Monitor" daemon [_thread_blocked, id=1584, stack(0x000000002aa30000,0x000000002ab30000)]
  0x000000001f31c800 JavaThread "Output Stream Monitor" daemon [_thread_in_native, id=5116, stack(0x000000002a930000,0x000000002aa30000)]
  0x000000001f31c000 JavaThread "Output Stream Monitor" daemon [_thread_in_native, id=14780, stack(0x000000002a830000,0x000000002a930000)]
  0x000000001f314800 JavaThread "Worker-13" [_thread_blocked, id=7244, stack(0x000000002a730000,0x000000002a830000)]
  0x000000001f318000 JavaThread "Worker-12" [_thread_blocked, id=15164, stack(0x000000002a630000,0x000000002a730000)]
  0x000000001f317800 JavaThread "Timer-4" daemon [_thread_blocked, id=896, stack(0x000000002a530000,0x000000002a630000)]
  0x000000001f316800 JavaThread "Process monitor" daemon [_thread_in_native, id=5144, stack(0x000000002a330000,0x000000002a430000)]
  0x000000001f31a800 JavaThread "Input Stream Monitor" daemon [_thread_blocked, id=2132, stack(0x000000002a230000,0x000000002a330000)]
  0x000000001f319800 JavaThread "Output Stream Monitor" daemon [_thread_in_native, id=1704, stack(0x000000002a130000,0x000000002a230000)]
  0x000000001f31b000 JavaThread "Output Stream Monitor" daemon [_thread_in_native, id=9896, stack(0x000000002a030000,0x000000002a130000)]
  0x000000001f312000 JavaThread "Timer-3" daemon [_thread_blocked, id=1292, stack(0x0000000029f30000,0x000000002a030000)]
  0x000000001f313000 JavaThread "Process monitor" daemon [_thread_in_native, id=11648, stack(0x0000000029e30000,0x0000000029f30000)]
  0x000000001f311800 JavaThread "Input Stream Monitor" daemon [_thread_blocked, id=13436, stack(0x0000000029d30000,0x0000000029e30000)]
  0x000000001f313800 JavaThread "Output Stream Monitor" daemon [_thread_in_native, id=12416, stack(0x0000000029c30000,0x0000000029d30000)]
  0x000000001f315000 JavaThread "Output Stream Monitor" daemon [_thread_in_native, id=11364, stack(0x0000000029b30000,0x0000000029c30000)]
  0x000000001f316000 JavaThread "Timer-2" daemon [_thread_blocked, id=8780, stack(0x0000000029a30000,0x0000000029b30000)]
  0x0000000021a46800 JavaThread "Process monitor" daemon [_thread_in_native, id=12528, stack(0x0000000029930000,0x0000000029a30000)]
  0x0000000021a45800 JavaThread "Input Stream Monitor" daemon [_thread_blocked, id=11972, stack(0x0000000029830000,0x0000000029930000)]
  0x0000000021a43800 JavaThread "Output Stream Monitor" daemon [_thread_in_native, id=10060, stack(0x0000000029730000,0x0000000029830000)]
  0x0000000021a47000 JavaThread "Output Stream Monitor" daemon [_thread_in_native, id=13444, stack(0x0000000029630000,0x0000000029730000)]
  0x0000000021a42000 JavaThread "Timer-1" daemon [_thread_blocked, id=10040, stack(0x0000000029530000,0x0000000029630000)]
  0x0000000021a41000 JavaThread "Process monitor" daemon [_thread_in_native, id=1744, stack(0x0000000029410000,0x0000000029510000)]
  0x0000000021a48000 JavaThread "Input Stream Monitor" daemon [_thread_blocked, id=12320, stack(0x0000000029310000,0x0000000029410000)]
  0x0000000021a40800 JavaThread "Output Stream Monitor" daemon [_thread_in_native, id=13032, stack(0x0000000029210000,0x0000000029310000)]
  0x0000000021a42800 JavaThread "Output Stream Monitor" daemon [_thread_in_native, id=13940, stack(0x0000000029110000,0x0000000029210000)]
  0x0000000021a45000 JavaThread "Timer-0" daemon [_thread_blocked, id=6508, stack(0x0000000029000000,0x0000000029100000)]
  0x0000000021a44000 JavaThread "Process monitor" daemon [_thread_in_native, id=12252, stack(0x0000000028e90000,0x0000000028f90000)]
  0x0000000021a39000 JavaThread "Input Stream Monitor" daemon [_thread_blocked, id=14628, stack(0x0000000028d90000,0x0000000028e90000)]
  0x0000000021a3f800 JavaThread "Output Stream Monitor" daemon [_thread_in_native, id=6400, stack(0x0000000028c90000,0x0000000028d90000)]
  0x0000000021a3d800 JavaThread "Output Stream Monitor" daemon [_thread_in_native, id=15212, stack(0x0000000028b90000,0x0000000028c90000)]
  0x0000000021a3f000 JavaThread "Provisioning Event Dispatcher" daemon [_thread_blocked, id=7500, stack(0x00000000267c0000,0x00000000268c0000)]
  0x0000000021a39800 JavaThread "Worker-11" [_thread_blocked, id=6440, stack(0x0000000026270000,0x0000000026370000)]
  0x0000000021a3c000 JavaThread "Worker-10" [_thread_blocked, id=1572, stack(0x0000000026170000,0x0000000026270000)]
  0x0000000021a3c800 JavaThread "Worker-9" [_thread_blocked, id=2200, stack(0x0000000026070000,0x0000000026170000)]
  0x0000000021a3b000 JavaThread "Worker-8" [_thread_blocked, id=13900, stack(0x0000000025f70000,0x0000000026070000)]
  0x0000000021a3a800 JavaThread "Worker-7" [_thread_blocked, id=5184, stack(0x0000000025e70000,0x0000000025f70000)]
  0x0000000021a3e000 JavaThread "Worker-6" [_thread_blocked, id=2436, stack(0x0000000025d70000,0x0000000025e70000)]
  0x000000001a099800 JavaThread "Worker-5" [_thread_blocked, id=2528, stack(0x0000000025c70000,0x0000000025d70000)]
  0x000000001a097000 JavaThread "Worker-4" [_thread_blocked, id=14272, stack(0x0000000025b70000,0x0000000025c70000)]
  0x000000001a09e000 JavaThread "Worker-3" [_thread_blocked, id=2860, stack(0x0000000025a70000,0x0000000025b70000)]
  0x000000001a098800 JavaThread "Worker-2" [_thread_blocked, id=6964, stack(0x0000000025970000,0x0000000025a70000)]
  0x000000001a098000 JavaThread "Worker-1" [_thread_blocked, id=10588, stack(0x0000000025840000,0x0000000025940000)]
  0x000000001a09c800 JavaThread "EventAdmin Async Event Dispatcher Thread" daemon [_thread_blocked, id=10360, stack(0x0000000025740000,0x0000000025840000)]
  0x000000001a09b000 JavaThread "org.eclipse.dltk.internal.ui.text.ScriptReconciler" daemon [_thread_blocked, id=9376, stack(0x0000000025020000,0x0000000025120000)]
  0x000000001a09d000 JavaThread "DLTK indexing" daemon [_thread_blocked, id=3040, stack(0x0000000024270000,0x0000000024370000)]
  0x000000001a09b800 JavaThread "Bundle File Closer" daemon [_thread_blocked, id=4476, stack(0x00000000228e0000,0x00000000229e0000)]
  0x000000001d31c000 JavaThread "EMF Reference Cleaner" daemon [_thread_blocked, id=7516, stack(0x000000001d890000,0x000000001d990000)]
  0x000000001ae68800 JavaThread "Worker-0" [_thread_blocked, id=5108, stack(0x000000001d4b0000,0x000000001d5b0000)]
  0x000000001a21c800 JavaThread "Worker-JM" [_thread_blocked, id=10164, stack(0x000000001b7f0000,0x000000001b8f0000)]
  0x0000000019a73800 JavaThread "SCR Component Actor" daemon [_thread_blocked, id=9564, stack(0x000000001b1b0000,0x000000001b2b0000)]
  0x000000001a103000 JavaThread "Framework Event Dispatcher: org.eclipse.osgi.internal.framework.EquinoxEventPublisher@3e62d773" daemon [_thread_blocked, id=14844, stack(0x000000001b0b0000,0x000000001b1b0000)]
  0x0000000019ca7000 JavaThread "Start Level: Equinox Container: 595d78a7-e8b1-48f9-97fd-d804141bbc86" daemon [_thread_blocked, id=11044, stack(0x000000001afb0000,0x000000001b0b0000)]
  0x00000000198ae000 JavaThread "Active Thread: Equinox Container: 595d78a7-e8b1-48f9-97fd-d804141bbc86" [_thread_blocked, id=7572, stack(0x000000001aeb0000,0x000000001afb0000)]
  0x00000000180af000 JavaThread "Service Thread" daemon [_thread_blocked, id=10692, stack(0x0000000018be0000,0x0000000018ce0000)]
  0x0000000018026800 JavaThread "C1 CompilerThread3" daemon [_thread_blocked, id=4432, stack(0x0000000018ae0000,0x0000000018be0000)]
  0x0000000018020000 JavaThread "C2 CompilerThread2" daemon [_thread_blocked, id=6316, stack(0x00000000189e0000,0x0000000018ae0000)]
=>0x000000001801a800 JavaThread "C2 CompilerThread1" daemon [_thread_in_native, id=8364, stack(0x00000000188e0000,0x00000000189e0000)]
  0x0000000018018000 JavaThread "C2 CompilerThread0" daemon [_thread_blocked, id=13584, stack(0x00000000187e0000,0x00000000188e0000)]
  0x0000000018016800 JavaThread "Attach Listener" daemon [_thread_blocked, id=10348, stack(0x00000000186e0000,0x00000000187e0000)]
  0x000000001611e000 JavaThread "Signal Dispatcher" daemon [_thread_blocked, id=908, stack(0x00000000185e0000,0x00000000186e0000)]
  0x0000000018011000 JavaThread "Finalizer" daemon [_thread_blocked, id=11332, stack(0x00000000183f0000,0x00000000184f0000)]
  0x000000001610d800 JavaThread "Reference Handler" daemon [_thread_blocked, id=2428, stack(0x0000000017ef0000,0x0000000017ff0000)]
  0x000000000494e800 JavaThread "main" [_thread_in_native, id=14484, stack(0x0000000000050000,0x0000000000150000)]

Other Threads:
  0x0000000016109000 VMThread [stack: 0x0000000017df0000,0x0000000017ef0000] [id=10848]
  0x00000000180fb800 WatcherThread [stack: 0x0000000018ce0000,0x0000000018de0000] [id=11220]

VM state:not at safepoint (normal execution)

VM Mutex/Monitor currently owned by a thread: None

Heap:
 PSYoungGen      total 60416K, used 21641K [0x00000000f5580000, 0x00000000fa800000, 0x0000000100000000)
  eden space 37376K, 15% used [0x00000000f5580000,0x00000000f5b3c5c0,0x00000000f7a00000)
  from space 23040K, 68% used [0x00000000f7a80000,0x00000000f89e6218,0x00000000f9100000)
  to   space 23552K, 0% used [0x00000000f9100000,0x00000000f9100000,0x00000000fa800000)
 ParOldGen       total 67584K, used 23283K [0x00000000e0000000, 0x00000000e4200000, 0x00000000f5580000)
  object space 67584K, 34% used [0x00000000e0000000,0x00000000e16bcfc0,0x00000000e4200000)
 Metaspace       used 71325K, capacity 78780K, committed 79104K, reserved 1118208K
  class space    used 8788K, capacity 10896K, committed 11008K, reserved 1048576K

Card table byte_map: [0x0000000013d10000,0x0000000013e20000] byte_map_base: 0x0000000013610000

Marking Bits: (ParMarkBitMap*) 0x000000005686c720
 Begin Bits: [0x0000000014620000, 0x0000000014e20000)
 End Bits:   [0x0000000014e20000, 0x0000000015620000)

Polling page: 0x00000000045a0000

CodeCache: size=245760Kb used=36642Kb max_used=36642Kb free=209117Kb
 bounds [0x0000000004950000, 0x0000000006d60000, 0x0000000013950000]
 total_blobs=11036 nmethods=10213 adapters=728
 compilation: enabled

Compilation events (10 events):
Event: 3171.533 Thread 0x000000001801a800 nmethod 12713 0x000000000569ce10 code [0x000000000569cf60, 0x000000000569cfc8]
Event: 3219.549 Thread 0x000000001801a800 12714       4       org.eclipse.e4.ui.internal.workbench.UIEventPublisher::formatData (696 bytes)
Event: 3219.554 Thread 0x0000000018026800 12715       3       org.eclipse.swt.graphics.GC::fillGradientRectangleInPixels (852 bytes)
Event: 3219.557 Thread 0x0000000018026800 nmethod 12715 0x0000000006d55c50 code [0x0000000006d560c0, 0x0000000006d58428]
Event: 3219.557 Thread 0x0000000018026800 12716       3       org.eclipse.swt.internal.win32.GRADIENT_RECT::<init> (5 bytes)
Event: 3219.557 Thread 0x0000000018026800 nmethod 12716 0x0000000004b01c90 code [0x0000000004b01de0, 0x0000000004b01f90]
Event: 3219.558 Thread 0x0000000018026800 12718       3       org.eclipse.swt.internal.win32.TRIVERTEX::<init> (5 bytes)
Event: 3219.558 Thread 0x0000000018026800 nmethod 12718 0x0000000006d55510 code [0x0000000006d55660, 0x0000000006d55810]
Event: 3219.579 Thread 0x0000000018026800 12719       3       org.eclipse.jface.util.Util::replaceAll (137 bytes)
Event: 3219.580 Thread 0x0000000018026800 nmethod 12719 0x0000000006d533d0 code [0x0000000006d53640, 0x0000000006d54bf8]

GC Heap History (10 events):
Event: 717.824 GC heap before
{Heap before GC invocations=26 (full 3):
 PSYoungGen      total 58368K, used 55336K [0x00000000f5580000, 0x00000000fa280000, 0x0000000100000000)
  eden space 39936K, 100% used [0x00000000f5580000,0x00000000f7c80000,0x00000000f7c80000)
  from space 18432K, 83% used [0x00000000f8f80000,0x00000000f9e8a280,0x00000000fa180000)
  to   space 19456K, 0% used [0x00000000f7c80000,0x00000000f7c80000,0x00000000f8f80000)
 ParOldGen       total 67584K, used 23251K [0x00000000e0000000, 0x00000000e4200000, 0x00000000f5580000)
  object space 67584K, 34% used [0x00000000e0000000,0x00000000e16b4fc0,0x00000000e4200000)
 Metaspace       used 70520K, capacity 78094K, committed 78208K, reserved 1116160K
  class space    used 8744K, capacity 10823K, committed 10880K, reserved 1048576K
Event: 717.834 GC heap after
Heap after GC invocations=26 (full 3):
 PSYoungGen      total 58880K, used 17503K [0x00000000f5580000, 0x00000000fa600000, 0x0000000100000000)
  eden space 39424K, 0% used [0x00000000f5580000,0x00000000f5580000,0x00000000f7c00000)
  from space 19456K, 89% used [0x00000000f7c80000,0x00000000f8d97e80,0x00000000f8f80000)
  to   space 21504K, 0% used [0x00000000f9100000,0x00000000f9100000,0x00000000fa600000)
 ParOldGen       total 67584K, used 23259K [0x00000000e0000000, 0x00000000e4200000, 0x00000000f5580000)
  object space 67584K, 34% used [0x00000000e0000000,0x00000000e16b6fc0,0x00000000e4200000)
 Metaspace       used 70520K, capacity 78094K, committed 78208K, reserved 1116160K
  class space    used 8744K, capacity 10823K, committed 10880K, reserved 1048576K
}
Event: 2764.495 GC heap before
{Heap before GC invocations=27 (full 3):
 PSYoungGen      total 58880K, used 56927K [0x00000000f5580000, 0x00000000fa600000, 0x0000000100000000)
  eden space 39424K, 100% used [0x00000000f5580000,0x00000000f7c00000,0x00000000f7c00000)
  from space 19456K, 89% used [0x00000000f7c80000,0x00000000f8d97e80,0x00000000f8f80000)
  to   space 21504K, 0% used [0x00000000f9100000,0x00000000f9100000,0x00000000fa600000)
 ParOldGen       total 67584K, used 23259K [0x00000000e0000000, 0x00000000e4200000, 0x00000000f5580000)
  object space 67584K, 34% used [0x00000000e0000000,0x00000000e16b6fc0,0x00000000e4200000)
 Metaspace       used 70788K, capacity 78334K, committed 78464K, reserved 1116160K
  class space    used 8752K, capacity 10857K, committed 10880K, reserved 1048576K
Event: 2764.514 GC heap after
Heap after GC invocations=27 (full 3):
 PSYoungGen      total 60416K, used 15970K [0x00000000f5580000, 0x00000000fa680000, 0x0000000100000000)
  eden space 38912K, 0% used [0x00000000f5580000,0x00000000f5580000,0x00000000f7b80000)
  from space 21504K, 74% used [0x00000000f9100000,0x00000000fa098868,0x00000000fa600000)
  to   space 22016K, 0% used [0x00000000f7b80000,0x00000000f7b80000,0x00000000f9100000)
 ParOldGen       total 67584K, used 23267K [0x00000000e0000000, 0x00000000e4200000, 0x00000000f5580000)
  object space 67584K, 34% used [0x00000000e0000000,0x00000000e16b8fc0,0x00000000e4200000)
 Metaspace       used 70788K, capacity 78334K, committed 78464K, reserved 1116160K
  class space    used 8752K, capacity 10857K, committed 10880K, reserved 1048576K
}
Event: 2818.645 GC heap before
{Heap before GC invocations=28 (full 3):
 PSYoungGen      total 60416K, used 54882K [0x00000000f5580000, 0x00000000fa680000, 0x0000000100000000)
  eden space 38912K, 100% used [0x00000000f5580000,0x00000000f7b80000,0x00000000f7b80000)
  from space 21504K, 74% used [0x00000000f9100000,0x00000000fa098868,0x00000000fa600000)
  to   space 22016K, 0% used [0x00000000f7b80000,0x00000000f7b80000,0x00000000f9100000)
 ParOldGen       total 67584K, used 23267K [0x00000000e0000000, 0x00000000e4200000, 0x00000000f5580000)
  object space 67584K, 34% used [0x00000000e0000000,0x00000000e16b8fc0,0x00000000e4200000)
 Metaspace       used 70954K, capacity 78404K, committed 78464K, reserved 1116160K
  class space    used 8753K, capacity 10858K, committed 10880K, reserved 1048576K
Event: 2818.659 GC heap after
Heap after GC invocations=28 (full 3):
 PSYoungGen      total 60416K, used 15653K [0x00000000f5580000, 0x00000000fa700000, 0x0000000100000000)
  eden space 38400K, 0% used [0x00000000f5580000,0x00000000f5580000,0x00000000f7b00000)
  from space 22016K, 71% used [0x00000000f7b80000,0x00000000f8ac9628,0x00000000f9100000)
  to   space 22528K, 0% used [0x00000000f9100000,0x00000000f9100000,0x00000000fa700000)
 ParOldGen       total 67584K, used 23275K [0x00000000e0000000, 0x00000000e4200000, 0x00000000f5580000)
  object space 67584K, 34% used [0x00000000e0000000,0x00000000e16bafc0,0x00000000e4200000)
 Metaspace       used 70954K, capacity 78404K, committed 78464K, reserved 1116160K
  class space    used 8753K, capacity 10858K, committed 10880K, reserved 1048576K
}
Event: 2875.793 GC heap before
{Heap before GC invocations=29 (full 3):
 PSYoungGen      total 60416K, used 54053K [0x00000000f5580000, 0x00000000fa700000, 0x0000000100000000)
  eden space 38400K, 100% used [0x00000000f5580000,0x00000000f7b00000,0x00000000f7b00000)
  from space 22016K, 71% used [0x00000000f7b80000,0x00000000f8ac9628,0x00000000f9100000)
  to   space 22528K, 0% used [0x00000000f9100000,0x00000000f9100000,0x00000000fa700000)
 ParOldGen       total 67584K, used 23275K [0x00000000e0000000, 0x00000000e4200000, 0x00000000f5580000)
  object space 67584K, 34% used [0x00000000e0000000,0x00000000e16bafc0,0x00000000e4200000)
 Metaspace       used 71233K, capacity 78712K, committed 79104K, reserved 1118208K
  class space    used 8788K, capacity 10896K, committed 11008K, reserved 1048576K
Event: 2875.802 GC heap after
Heap after GC invocations=29 (full 3):
 PSYoungGen      total 60416K, used 15807K [0x00000000f5580000, 0x00000000fa780000, 0x0000000100000000)
  eden space 37888K, 0% used [0x00000000f5580000,0x00000000f5580000,0x00000000f7a80000)
  from space 22528K, 70% used [0x00000000f9100000,0x00000000fa06fe58,0x00000000fa700000)
  to   space 23040K, 0% used [0x00000000f7a80000,0x00000000f7a80000,0x00000000f9100000)
 ParOldGen       total 67584K, used 23275K [0x00000000e0000000, 0x00000000e4200000, 0x00000000f5580000)
  object space 67584K, 34% used [0x00000000e0000000,0x00000000e16bafc0,0x00000000e4200000)
 Metaspace       used 71233K, capacity 78712K, committed 79104K, reserved 1118208K
  class space    used 8788K, capacity 10896K, committed 11008K, reserved 1048576K
}
Event: 2935.361 GC heap before
{Heap before GC invocations=30 (full 3):
 PSYoungGen      total 60416K, used 53695K [0x00000000f5580000, 0x00000000fa780000, 0x0000000100000000)
  eden space 37888K, 100% used [0x00000000f5580000,0x00000000f7a80000,0x00000000f7a80000)
  from space 22528K, 70% used [0x00000000f9100000,0x00000000fa06fe58,0x00000000fa700000)
  to   space 23040K, 0% used [0x00000000f7a80000,0x00000000f7a80000,0x00000000f9100000)
 ParOldGen       total 67584K, used 23275K [0x00000000e0000000, 0x00000000e4200000, 0x00000000f5580000)
  object space 67584K, 34% used [0x00000000e0000000,0x00000000e16bafc0,0x00000000e4200000)
 Metaspace       used 71296K, capacity 78780K, committed 79104K, reserved 1118208K
  class space    used 8788K, capacity 10896K, committed 11008K, reserved 1048576K
Event: 2935.375 GC heap after
Heap after GC invocations=30 (full 3):
 PSYoungGen      total 60416K, used 15768K [0x00000000f5580000, 0x00000000fa800000, 0x0000000100000000)
  eden space 37376K, 0% used [0x00000000f5580000,0x00000000f5580000,0x00000000f7a00000)
  from space 23040K, 68% used [0x00000000f7a80000,0x00000000f89e6218,0x00000000f9100000)
  to   space 23552K, 0% used [0x00000000f9100000,0x00000000f9100000,0x00000000fa800000)
 ParOldGen       total 67584K, used 23283K [0x00000000e0000000, 0x00000000e4200000, 0x00000000f5580000)
  object space 67584K, 34% used [0x00000000e0000000,0x00000000e16bcfc0,0x00000000e4200000)
 Metaspace       used 71296K, capacity 78780K, committed 79104K, reserved 1118208K
  class space    used 8788K, capacity 10896K, committed 11008K, reserved 1048576K
}

Deoptimization events (10 events):
Event: 2881.356 Thread 0x000000001ac92800 Uncommon trap: reason=array_check action=maybe_recompile pc=0x0000000006d1a02c method=org.eclipse.core.internal.registry.RegistryObjectManager.getObjects([IB)[Lorg/eclipse/core/internal/registry/RegistryObject; @ 125
Event: 2881.379 Thread 0x000000000494e800 Uncommon trap: reason=array_check action=maybe_recompile pc=0x0000000006d1a02c method=org.eclipse.core.internal.registry.RegistryObjectManager.getObjects([IB)[Lorg/eclipse/core/internal/registry/RegistryObject; @ 125
Event: 2881.379 Thread 0x000000000494e800 Uncommon trap: reason=array_check action=maybe_recompile pc=0x0000000006d1a02c method=org.eclipse.core.internal.registry.RegistryObjectManager.getObjects([IB)[Lorg/eclipse/core/internal/registry/RegistryObject; @ 125
Event: 2881.379 Thread 0x000000000494e800 Uncommon trap: reason=array_check action=maybe_recompile pc=0x0000000006d1a02c method=org.eclipse.core.internal.registry.RegistryObjectManager.getObjects([IB)[Lorg/eclipse/core/internal/registry/RegistryObject; @ 125
Event: 3009.150 Thread 0x000000000494e800 Uncommon trap: reason=class_check action=maybe_recompile pc=0x0000000006649034 method=org.eclipse.e4.ui.internal.workbench.UIEventPublisher.formatData(Lorg/eclipse/emf/common/notify/Notification;Ljava/util/Map;)Ljava/lang/String; @ 287
Event: 3009.198 Thread 0x000000001d31c000 Uncommon trap: reason=unstable_if action=reinterpret pc=0x0000000006b877e4 method=java.util.concurrent.locks.ReentrantReadWriteLock$Sync.tryAcquire(I)Z @ 80
Event: 3009.199 Thread 0x000000001ac9c800 Uncommon trap: reason=unstable_if action=reinterpret pc=0x00000000069e4d74 method=java.util.concurrent.locks.ReentrantReadWriteLock$Sync.tryAcquire(I)Z @ 80
Event: 3009.201 Thread 0x000000001ac9c800 Uncommon trap: reason=unstable_if action=reinterpret pc=0x0000000006aec4dc method=java.util.concurrent.locks.ReentrantReadWriteLock$Sync.tryAcquire(I)Z @ 80
Event: 3009.201 Thread 0x000000001d31c000 Uncommon trap: reason=unstable_if action=reinterpret pc=0x00000000069d0aa8 method=java.util.concurrent.locks.ReentrantReadWriteLock$Sync.tryAcquire(I)Z @ 80
Event: 3009.201 Thread 0x000000001d31c000 Uncommon trap: reason=unstable_if action=reinterpret pc=0x00000000063dc590 method=java.util.concurrent.locks.ReentrantReadWriteLock$Sync.tryAcquire(I)Z @ 80

Internal exceptions (10 events):
Event: 2800.070 Thread 0x000000001ac8e000 Exception <a 'java/lang/InterruptedException'> (0x00000000f7a2eda8) thrown at [C:\re\workspace\8-2-build-windows-amd64-cygwin\jdk8u131\8869\hotspot\src\share\vm\runtime\objectMonitor.cpp, line 1684]
Event: 2822.830 Thread 0x000000000494e800 Implicit null exception at 0x0000000006b60b78 to 0x0000000006b61099
Event: 2823.108 Thread 0x000000001ac8e000 Exception <a 'java/lang/InterruptedException'> (0x00000000f6518c28) thrown at [C:\re\workspace\8-2-build-windows-amd64-cygwin\jdk8u131\8869\hotspot\src\share\vm\runtime\objectMonitor.cpp, line 1684]
Event: 2828.999 Thread 0x000000000494e800 Implicit null exception at 0x00000000052b7f83 to 0x00000000052b84e9
Event: 2828.999 Thread 0x000000000494e800 Implicit null exception at 0x00000000052400c0 to 0x0000000005240531
Event: 2864.342 Thread 0x000000000494e800 Implicit null exception at 0x000000000634732b to 0x000000000634d25d
Event: 2877.506 Thread 0x000000001ac8e000 Exception <a 'java/lang/InterruptedException'> (0x00000000f5b82408) thrown at [C:\re\workspace\8-2-build-windows-amd64-cygwin\jdk8u131\8869\hotspot\src\share\vm\runtime\objectMonitor.cpp, line 1684]
Event: 2880.326 Thread 0x000000001ac8e000 Exception <a 'java/lang/InterruptedException'> (0x00000000f6622628) thrown at [C:\re\workspace\8-2-build-windows-amd64-cygwin\jdk8u131\8869\hotspot\src\share\vm\runtime\objectMonitor.cpp, line 1684]
Event: 2881.490 Thread 0x000000001ac8e000 Exception <a 'java/lang/InterruptedException'> (0x00000000f701a580) thrown at [C:\re\workspace\8-2-build-windows-amd64-cygwin\jdk8u131\8869\hotspot\src\share\vm\runtime\objectMonitor.cpp, line 1684]
Event: 2914.066 Thread 0x000000001ac8e000 Exception <a 'java/lang/InterruptedException'> (0x00000000f7a30eb8) thrown at [C:\re\workspace\8-2-build-windows-amd64-cygwin\jdk8u131\8869\hotspot\src\share\vm\runtime\objectMonitor.cpp, line 1684]

Events (10 events):
Event: 3055.390 Executing VM operation: RevokeBias
Event: 3055.390 Executing VM operation: RevokeBias done
Event: 3055.390 Executing VM operation: RevokeBias
Event: 3055.390 Executing VM operation: RevokeBias done
Event: 3055.391 Executing VM operation: RevokeBias
Event: 3055.391 Executing VM operation: RevokeBias done
Event: 3213.551 Executing VM operation: RevokeBias
Event: 3213.551 Executing VM operation: RevokeBias done
Event: 3219.557 Thread 0x0000000018026800 flushing nmethod 0x0000000004b01c90
Event: 3219.558 Thread 0x0000000018026800 flushing nmethod 0x0000000004d59f90


Dynamic libraries:
0x0000000000400000 - 0x000000000044f000 	G:\Programs\LuaDevelopmentTools\LuaDevelopmentTools.exe
0x00007ffc2ca40000 - 0x00007ffc2cc20000 	C:\WINDOWS\SYSTEM32\ntdll.dll
0x00007ffc2c740000 - 0x00007ffc2c7ee000 	C:\WINDOWS\System32\KERNEL32.DLL
0x00007ffc29220000 - 0x00007ffc29486000 	C:\WINDOWS\System32\KERNELBASE.dll
0x00007ffc29f10000 - 0x00007ffc2a09f000 	C:\WINDOWS\System32\USER32.dll
0x00007ffc29200000 - 0x00007ffc29220000 	C:\WINDOWS\System32\win32u.dll
0x00007ffc2b030000 - 0x00007ffc2b058000 	C:\WINDOWS\System32\GDI32.dll
0x00007ffc29010000 - 0x00007ffc291a3000 	C:\WINDOWS\System32\gdi32full.dll
0x00007ffc29e70000 - 0x00007ffc29f0b000 	C:\WINDOWS\System32\msvcp_win.dll
0x00007ffc29620000 - 0x00007ffc29716000 	C:\WINDOWS\System32\ucrtbase.dll
0x00007ffc2c7f0000 - 0x00007ffc2c88d000 	C:\WINDOWS\System32\msvcrt.dll
0x00007ffc13a60000 - 0x00007ffc13cc9000 	C:\WINDOWS\WinSxS\amd64_microsoft.windows.common-controls_6595b64144ccf1df_6.0.16299.309_none_15cfd4c4935e6b11\COMCTL32.dll
0x00007ffc2a0a0000 - 0x00007ffc2a3a8000 	C:\WINDOWS\System32\combase.dll
0x00007ffc2aeb0000 - 0x00007ffc2afcf000 	C:\WINDOWS\System32\RPCRT4.dll
0x00007ffc29490000 - 0x00007ffc29502000 	C:\WINDOWS\System32\bcryptPrimitives.dll
0x00007ffc2b200000 - 0x00007ffc2b22d000 	C:\WINDOWS\System32\IMM32.DLL
0x0000000072000000 - 0x0000000072012000 	G:\Programs\LuaDevelopmentTools\plugins\org.eclipse.equinox.launcher.win32.win32.x86_64_1.1.500.v20170531-1133\eclipse_1624.dll
0x00007ffc2a500000 - 0x00007ffc2a5a1000 	C:\WINDOWS\System32\ADVAPI32.dll
0x00007ffc2afd0000 - 0x00007ffc2b02b000 	C:\WINDOWS\System32\sechost.dll
0x00007ffc21280000 - 0x00007ffc2128a000 	C:\WINDOWS\SYSTEM32\VERSION.dll
0x00007ffc27370000 - 0x00007ffc27405000 	C:\WINDOWS\system32\uxtheme.dll
0x00007ffc2abf0000 - 0x00007ffc2ad57000 	C:\WINDOWS\System32\MSCTF.dll
0x00007ffc2add0000 - 0x00007ffc2ae95000 	C:\WINDOWS\System32\OLEAUT32.dll
0x0000000056050000 - 0x00000000568ec000 	C:\Program Files\Java\jre1.8.0_131\bin\server\jvm.dll
0x00007ffc2adc0000 - 0x00007ffc2adc8000 	C:\WINDOWS\System32\PSAPI.DLL
0x00007ffc26c50000 - 0x00007ffc26c59000 	C:\WINDOWS\SYSTEM32\WSOCK32.dll
0x00007ffc26a70000 - 0x00007ffc26a93000 	C:\WINDOWS\SYSTEM32\WINMM.dll
0x0000000055f70000 - 0x0000000056042000 	C:\WINDOWS\SYSTEM32\MSVCR100.dll
0x00007ffc2b290000 - 0x00007ffc2b2fc000 	C:\WINDOWS\System32\WS2_32.dll
0x00007ffc26640000 - 0x00007ffc2666a000 	C:\WINDOWS\SYSTEM32\WINMMBASE.dll
0x00007ffc291b0000 - 0x00007ffc291fa000 	C:\WINDOWS\System32\cfgmgr32.dll
0x0000000055f60000 - 0x0000000055f6f000 	C:\Program Files\Java\jre1.8.0_131\bin\verify.dll
0x0000000055f30000 - 0x0000000055f59000 	C:\Program Files\Java\jre1.8.0_131\bin\java.dll
0x0000000055f10000 - 0x0000000055f26000 	C:\Program Files\Java\jre1.8.0_131\bin\zip.dll
0x00007ffc2b300000 - 0x00007ffc2c736000 	C:\WINDOWS\System32\SHELL32.dll
0x00007ffc2aac0000 - 0x00007ffc2ab66000 	C:\WINDOWS\System32\shcore.dll
0x00007ffc29720000 - 0x00007ffc29e67000 	C:\WINDOWS\System32\windows.storage.dll
0x00007ffc2b230000 - 0x00007ffc2b281000 	C:\WINDOWS\System32\shlwapi.dll
0x00007ffc28db0000 - 0x00007ffc28dc1000 	C:\WINDOWS\System32\kernel.appcore.dll
0x00007ffc28dd0000 - 0x00007ffc28e1c000 	C:\WINDOWS\System32\powrprof.dll
0x00007ffc28e20000 - 0x00007ffc28e3b000 	C:\WINDOWS\System32\profapi.dll
0x00007ffc287e0000 - 0x00007ffc287f7000 	C:\WINDOWS\SYSTEM32\CRYPTSP.dll
0x00007ffc28220000 - 0x00007ffc28253000 	C:\WINDOWS\system32\rsaenh.dll
0x00007ffc288f0000 - 0x00007ffc28915000 	C:\WINDOWS\SYSTEM32\bcrypt.dll
0x00007ffc28c90000 - 0x00007ffc28cb9000 	C:\WINDOWS\SYSTEM32\USERENV.dll
0x00007ffc28800000 - 0x00007ffc2880b000 	C:\WINDOWS\SYSTEM32\CRYPTBASE.dll
0x0000000055ef0000 - 0x0000000055f0a000 	C:\Program Files\Java\jre1.8.0_131\bin\net.dll
0x00007ffc28620000 - 0x00007ffc28686000 	C:\WINDOWS\system32\mswsock.dll
0x00007ffc283b0000 - 0x00007ffc283e9000 	C:\WINDOWS\SYSTEM32\IPHLPAPI.DLL
0x00007ffc2aea0000 - 0x00007ffc2aea8000 	C:\WINDOWS\System32\NSI.dll
0x00007ffc246e0000 - 0x00007ffc246f6000 	C:\WINDOWS\SYSTEM32\dhcpcsvc6.DLL
0x00007ffc24450000 - 0x00007ffc2446a000 	C:\WINDOWS\SYSTEM32\dhcpcsvc.DLL
0x0000000055ed0000 - 0x0000000055ee1000 	C:\Program Files\Java\jre1.8.0_131\bin\nio.dll
0x00007ffc1c1d0000 - 0x00007ffc1c268000 	C:\WINDOWS\System32\TextInputFramework.dll
0x00007ffc22ea0000 - 0x00007ffc2318e000 	C:\WINDOWS\System32\CoreUIComponents.dll
0x00007ffc26960000 - 0x00007ffc26a3c000 	C:\WINDOWS\System32\CoreMessaging.dll
0x00007ffc27fd0000 - 0x00007ffc28001000 	C:\WINDOWS\SYSTEM32\ntmarta.dll
0x00007ffc24fe0000 - 0x00007ffc25116000 	C:\WINDOWS\SYSTEM32\wintypes.dll
0x00007ffc27630000 - 0x00007ffc2765a000 	C:\WINDOWS\system32\dwmapi.dll
0x000000001bdf0000 - 0x000000001be97000 	G:\Programs\LuaDevelopmentTools\configuration\org.eclipse.osgi\196\0\.cp\swt-win32-4757.dll
0x00007ffc2a3b0000 - 0x00007ffc2a4f9000 	C:\WINDOWS\System32\ole32.dll
0x00007ffc2c890000 - 0x00007ffc2c99a000 	C:\WINDOWS\System32\comdlg32.dll
0x00007ffc28e40000 - 0x00007ffc2900e000 	C:\WINDOWS\System32\CRYPT32.dll
0x00007ffc28d90000 - 0x00007ffc28da2000 	C:\WINDOWS\System32\MSASN1.dll
0x00007ffc21af0000 - 0x00007ffc21b76000 	C:\WINDOWS\SYSTEM32\WINSPOOL.DRV
0x00007ffbeca10000 - 0x00007ffbeca29000 	C:\WINDOWS\SYSTEM32\USP10.dll
0x00007ffc181e0000 - 0x00007ffc18514000 	C:\WINDOWS\SYSTEM32\WININET.dll
0x00007ffc24e20000 - 0x00007ffc24fd1000 	C:\WINDOWS\SYSTEM32\propsys.dll
0x00007ffc2a5b0000 - 0x00007ffc2a64e000 	C:\WINDOWS\System32\clbcatq.dll
0x000000001bee0000 - 0x000000001befe000 	G:\Programs\LuaDevelopmentTools\configuration\org.eclipse.osgi\196\0\.cp\swt-gdip-win32-4757.dll
0x00007ffc188e0000 - 0x00007ffc18a7c000 	C:\WINDOWS\WinSxS\amd64_microsoft.windows.gdiplus_6595b64144ccf1df_1.1.16299.309_none_46bac7a9edf0e4df\gdiplus.dll
0x00007ffc23380000 - 0x00007ffc2352b000 	C:\WINDOWS\SYSTEM32\WindowsCodecs.dll
0x00007ffc04190000 - 0x00007ffc041fe000 	C:\WINDOWS\SYSTEM32\oleacc.dll
0x00007ffbfb1a0000 - 0x00007ffbfb1df000 	C:\WINDOWS\system32\mlang.dll
0x0000000180000000 - 0x0000000180012000 	G:\Programs\LuaDevelopmentTools\configuration\org.eclipse.osgi\51\0\.cp\os\win32\x86_64\localfile_1_0_0.dll
0x00007ffc02290000 - 0x00007ffc022df000 	C:\WINDOWS\system32\dataexchange.dll
0x00007ffc26670000 - 0x00007ffc26952000 	C:\WINDOWS\system32\d3d11.dll
0x00007ffc26ab0000 - 0x00007ffc26bf2000 	C:\WINDOWS\system32\dcomp.dll
0x00007ffc27bf0000 - 0x00007ffc27c9f000 	C:\WINDOWS\system32\dxgi.dll
0x00007ffc27660000 - 0x00007ffc277db000 	C:\WINDOWS\system32\twinapi.appcore.dll
0x00007ffc27910000 - 0x00007ffc27930000 	C:\WINDOWS\system32\RMCLIENT.dll
0x0000000024570000 - 0x00000000245c1000 	G:\Programs\LuaDevelopmentTools\configuration\org.eclipse.osgi\9\0\.cp\lib\lua5.1.dll
0x000000005afb0000 - 0x000000005b079000 	C:\WINDOWS\WinSxS\amd64_microsoft.vc80.crt_1fc8b3b9a1e18e3b_8.0.50727.9348_none_88dedda92fafc8db\MSVCR80.dll
0x0000000024630000 - 0x0000000024643000 	G:\Programs\LuaDevelopmentTools\configuration\org.eclipse.osgi\9\0\.cp\lib\jnlua5.1.dll
0x00000000568f0000 - 0x0000000056993000 	C:\WINDOWS\WinSxS\amd64_microsoft.vc90.crt_1fc8b3b9a1e18e3b_9.0.30729.9317_none_08e0939fa840d57b\MSVCR90.dll
0x00007ffc01df0000 - 0x00007ffc02283000 	C:\WINDOWS\system32\explorerframe.dll
0x00007ffc241f0000 - 0x00007ffc241f7000 	C:\WINDOWS\SYSTEM32\msimg32.dll
0x00007ffc237f0000 - 0x00007ffc23801000 	G:\Programs\LuaDevelopmentTools\configuration\org.eclipse.osgi\54\0\.cp\jWinHttp-1.0.0.dll
0x00007ffc25180000 - 0x00007ffc2525e000 	C:\WINDOWS\SYSTEM32\WINHTTP.dll
0x0000000064a00000 - 0x0000000064a63000 	G:\Programs\LuaDevelopmentTools\configuration\org.eclipse.osgi\8\0\.cp\lib\lua52.dll
0x00007ffc1dbc0000 - 0x00007ffc1dbd1000 	G:\Programs\LuaDevelopmentTools\configuration\org.eclipse.osgi\8\0\.cp\lib\jnlua52.dll
0x0000000055ea0000 - 0x0000000055ec4000 	C:\Program Files\Java\jre1.8.0_131\bin\sunec.dll
0x00007ffc283f0000 - 0x00007ffc284a6000 	C:\WINDOWS\SYSTEM32\DNSAPI.dll
0x00007ffc21ae0000 - 0x00007ffc21aea000 	C:\Windows\System32\rasadhlp.dll
0x00007ffc23cc0000 - 0x00007ffc23d30000 	C:\WINDOWS\System32\fwpuclnt.dll
0x00007ffc23a90000 - 0x00007ffc23aa6000 	C:\WINDOWS\system32\napinsp.dll
0x00007ffc23a70000 - 0x00007ffc23a8a000 	C:\WINDOWS\system32\pnrpnsp.dll
0x00007ffc23530000 - 0x00007ffc23548000 	C:\WINDOWS\system32\NLAapi.dll
0x00007ffc23a60000 - 0x00007ffc23a6e000 	C:\WINDOWS\System32\winrnr.dll
0x00007ffc1add0000 - 0x00007ffc1b069000 	C:\Windows\System32\iertutil.dll
0x00007ffc2ab70000 - 0x00007ffc2abe1000 	C:\WINDOWS\System32\coml2.dll
0x00007ffc1a7f0000 - 0x00007ffc1a9bc000 	C:\WINDOWS\SYSTEM32\urlmon.dll
0x00007ffc2a650000 - 0x00007ffc2a66d000 	C:\WINDOWS\System32\imagehlp.dll
0x00007ffc28bf0000 - 0x00007ffc28c8a000 	C:\WINDOWS\SYSTEM32\sxs.dll
0x00007ffc10970000 - 0x00007ffc109df000 	C:\WINDOWS\SYSTEM32\msiso.dll
0x00007ffbccf60000 - 0x00007ffbce60c000 	C:\Windows\System32\mshtml.dll
0x00007ffc28cc0000 - 0x00007ffc28cf0000 	C:\WINDOWS\SYSTEM32\SspiCli.dll
0x00007ffbeccd0000 - 0x00007ffbeccf8000 	C:\Windows\System32\srpapi.dll
0x00007ffbecb40000 - 0x00007ffbecccc000 	C:\Windows\System32\ieapfltr.dll
0x00007ffbf0320000 - 0x00007ffbf07af000 	C:\Windows\System32\jscript9.dll
0x00007ffc015c0000 - 0x00007ffc01604000 	C:\WINDOWS\SYSTEM32\edputil.dll
0x00007ffc0f660000 - 0x00007ffc0f675000 	C:\WINDOWS\SYSTEM32\ondemandconnroutehelper.dll
0x00007ffc24ab0000 - 0x00007ffc24abb000 	C:\WINDOWS\SYSTEM32\WINNSI.DLL
0x00007ffbd4a40000 - 0x00007ffbd5689000 	C:\Windows\System32\ieframe.dll
0x00007ffc17fe0000 - 0x00007ffc17ff7000 	C:\Windows\System32\NETAPI32.dll
0x00007ffc284b0000 - 0x00007ffc284be000 	C:\Windows\System32\NETUTILS.DLL
0x00007ffc23c00000 - 0x00007ffc23c17000 	C:\Windows\System32\WKSCLI.DLL
0x00007ffc27de0000 - 0x00007ffc27df4000 	C:\WINDOWS\SYSTEM32\WLDP.DLL
0x00007ffc295c0000 - 0x00007ffc29618000 	C:\WINDOWS\System32\WINTRUST.dll
0x00007ffbf0020000 - 0x00007ffbf0030000 	C:\WINDOWS\system32\msimtf.dll
0x00007ffc12a20000 - 0x00007ffc12a2c000 	C:\WINDOWS\SYSTEM32\Secur32.dll
0x00007ffc26080000 - 0x00007ffc26638000 	C:\Windows\System32\d2d1.dll
0x00007ffc1a450000 - 0x00007ffc1a75f000 	C:\Windows\System32\DWrite.dll
0x00007ffbe9b30000 - 0x00007ffbea29c000 	C:\WINDOWS\SYSTEM32\d3d10warp.dll

VM Arguments:
jvm_args: -XX:PermSize=512M -XX:MaxPermSize=512M -Xms40m -Xmx512m 
java_command: <unknown>
java_class_path (initial): G:\Programs\LuaDevelopmentTools\\plugins/org.eclipse.equinox.launcher_1.4.0.v20161219-1356.jar
Launcher Type: generic

Environment Variables:
PATH=C:/Program Files/Java/jre1.8.0_131/bin/server;C:/Program Files/Java/jre1.8.0_131/bin;C:/Program Files/Java/jre1.8.0_131/lib/amd64;C:\Program Files (x86)\Intel\iCLS Client\;C:\Program Files\Intel\iCLS Client\;C:\Program Files (x86)\NVIDIA Corporation\PhysX\Common;C:\ProgramData\Oracle\Java\javapath;C:\Windows\System32;C:\Windows;C:\Windows\System32\wbem;C:\Windows\System32\WindowsPowerShell\v1.0\;C:\Program Files\Microsoft SQL Server\130\Tools\Binn\;C:\Program Files\dotnet\;C:\Program Files\Git\cmd;C:\Program Files (x86)\Skype\Phone\;C:\Program Files (x86)\Intel\Intel(R) Management Engine Components\DAL;C:\Program Files\Intel\Intel(R) Management Engine Components\DAL;C:\Program Files (x86)\Intel\Intel(R) Management Engine Components\IPT;C:\Program Files\Intel\Intel(R) Management Engine Components\IPT;G:\Programs\WinGPG\GnuPG\bin;G:\Programming\Git\cmd;C:\Program Files\Git LFS;C:\Users\Riel\AppData\Local\Programs\Python\Python36-32\Scripts\;C:\Users\Riel\AppData\Local\Programs\Python\Python36-32\;C:\Users\Riel\AppData\Local\Microsoft\WindowsApps;G:\Programs\Anaconda\;;G:\Emulated\MAME\plugins\tekken_learning;
USERNAME=Riel
OS=Windows_NT
PROCESSOR_IDENTIFIER=Intel64 Family 6 Model 42 Stepping 7, GenuineIntel



---------------  S Y S T E M  ---------------

OS: Windows 10.0 , 64 bit Build 16299 (10.0.16299.15)

CPU:total 8 (initial active 8) (4 cores per cpu, 2 threads per core) family 6 model 42 stepping 7, cmov, cx8, fxsr, mmx, sse, sse2, sse3, ssse3, sse4.1, sse4.2, popcnt, avx, aes, clmul, ht, tsc, tscinvbit

Memory: 4k page, physical 8267544k(2371160k free), swap 22847508k(52k free)

vm_info: Java HotSpot(TM) 64-Bit Server VM (25.131-b11) for windows-amd64 JRE (1.8.0_131-b11), built on Mar 15 2017 01:23:53 by "java_re" with MS VC++ 10.0 (VS2010)

time: Fri Mar 30 14:07:20 2018
elapsed time: 3219 seconds (0d 0h 53m 39s)

